2018-07-05 15:17:59,509 - Log4JLogChute initialized using file 'velocity.log'
2018-07-05 15:17:59,510 - Initializing Velocity, Calling init()...
2018-07-05 15:17:59,510 - Starting Apache Velocity v1.7 (compiled: 2010-11-19 12:14:37)
2018-07-05 15:17:59,510 - Default Properties File: org\apache\velocity\runtime\defaults\velocity.properties
2018-07-05 15:17:59,510 - Trying to use logger class org.apache.velocity.runtime.log.AvalonLogChute
2018-07-05 15:17:59,510 - Target log system for org.apache.velocity.runtime.log.AvalonLogChute is not available (java.lang.NoClassDefFoundError: org/apache/log/format/Formatter).  Falling back to next log system...
2018-07-05 15:17:59,510 - Trying to use logger class org.apache.velocity.runtime.log.Log4JLogChute
2018-07-05 15:17:59,510 - Using logger class org.apache.velocity.runtime.log.Log4JLogChute
2018-07-05 15:17:59,515 - ResourceLoader instantiated: org.apache.velocity.runtime.resource.loader.ClasspathResourceLoader
2018-07-05 15:17:59,539 - ResourceCache: initialized (class org.apache.velocity.runtime.resource.ResourceCacheImpl) with class java.util.Collections$SynchronizedMap cache map.
2018-07-05 15:17:59,541 - Loaded System Directive: org.apache.velocity.runtime.directive.Stop
2018-07-05 15:17:59,546 - Loaded System Directive: org.apache.velocity.runtime.directive.Define
2018-07-05 15:17:59,549 - Loaded System Directive: org.apache.velocity.runtime.directive.Break
2018-07-05 15:17:59,551 - Loaded System Directive: org.apache.velocity.runtime.directive.Evaluate
2018-07-05 15:17:59,552 - Loaded System Directive: org.apache.velocity.runtime.directive.Literal
2018-07-05 15:17:59,554 - Loaded System Directive: org.apache.velocity.runtime.directive.Macro
2018-07-05 15:17:59,556 - Loaded System Directive: org.apache.velocity.runtime.directive.Parse
2018-07-05 15:17:59,558 - Loaded System Directive: org.apache.velocity.runtime.directive.Include
2018-07-05 15:17:59,560 - Loaded System Directive: org.apache.velocity.runtime.directive.Foreach
2018-07-05 15:17:59,612 - Created '20' parsers.
2018-07-05 15:17:59,632 - Velocimacro : "velocimacro.library" is not set.  Trying default library: VM_global_library.vm
2018-07-05 15:17:59,635 - Could not load resource 'VM_global_library.vm' from ResourceLoader org.apache.velocity.runtime.resource.loader.ClasspathResourceLoader: ClasspathResourceLoader Error: cannot find resource VM_global_library.vm
2018-07-05 15:17:59,635 - Velocimacro : Default library not found.
2018-07-05 15:17:59,635 - Velocimacro : allowInline = true : VMs can be defined inline in templates
2018-07-05 15:17:59,635 - Velocimacro : allowInlineToOverride = false : VMs defined inline may NOT replace previous VM definitions
2018-07-05 15:17:59,635 - Velocimacro : allowInlineLocal = false : VMs defined inline will be global in scope if allowed.
2018-07-05 15:17:59,635 - Velocimacro : autoload off : VM system will not automatically reload global library macros
2018-07-05 15:17:59,705 - ResourceManager : found /templates/entity.java.vm with loader org.apache.velocity.runtime.resource.loader.ClasspathResourceLoader
2018-07-05 15:17:59,733 - Left side (${versionFieldName}) of '==' operation has null value. If it is a reference, it may not be in the context or its toString() returned null. /templates/entity.java.vm[line 72, column 26]
2018-07-05 15:17:59,733 - Left side (${logicDeleteFieldName}) of '==' operation has null value. If it is a reference, it may not be in the context or its toString() returned null. /templates/entity.java.vm[line 76, column 30]
2018-07-05 15:17:59,734 - Left side (${versionFieldName}) of '==' operation has null value. If it is a reference, it may not be in the context or its toString() returned null. /templates/entity.java.vm[line 72, column 26]
2018-07-05 15:17:59,734 - Left side (${logicDeleteFieldName}) of '==' operation has null value. If it is a reference, it may not be in the context or its toString() returned null. /templates/entity.java.vm[line 76, column 30]
2018-07-05 15:17:59,734 - Left side (${versionFieldName}) of '==' operation has null value. If it is a reference, it may not be in the context or its toString() returned null. /templates/entity.java.vm[line 72, column 26]
2018-07-05 15:17:59,734 - Left side (${logicDeleteFieldName}) of '==' operation has null value. If it is a reference, it may not be in the context or its toString() returned null. /templates/entity.java.vm[line 76, column 30]
2018-07-05 15:17:59,735 - Left side (${versionFieldName}) of '==' operation has null value. If it is a reference, it may not be in the context or its toString() returned null. /templates/entity.java.vm[line 72, column 26]
2018-07-05 15:17:59,736 - Left side (${logicDeleteFieldName}) of '==' operation has null value. If it is a reference, it may not be in the context or its toString() returned null. /templates/entity.java.vm[line 76, column 30]
2018-07-05 15:17:59,736 - Left side (${versionFieldName}) of '==' operation has null value. If it is a reference, it may not be in the context or its toString() returned null. /templates/entity.java.vm[line 72, column 26]
2018-07-05 15:17:59,736 - Left side (${logicDeleteFieldName}) of '==' operation has null value. If it is a reference, it may not be in the context or its toString() returned null. /templates/entity.java.vm[line 76, column 30]
2018-07-05 15:17:59,737 - Left side (${versionFieldName}) of '==' operation has null value. If it is a reference, it may not be in the context or its toString() returned null. /templates/entity.java.vm[line 72, column 26]
2018-07-05 15:17:59,737 - Left side (${logicDeleteFieldName}) of '==' operation has null value. If it is a reference, it may not be in the context or its toString() returned null. /templates/entity.java.vm[line 76, column 30]
2018-07-05 15:17:59,756 - ResourceManager : found /templates/mapper.java.vm with loader org.apache.velocity.runtime.resource.loader.ClasspathResourceLoader
2018-07-05 15:17:59,770 - ResourceManager : found /templates/service.java.vm with loader org.apache.velocity.runtime.resource.loader.ClasspathResourceLoader
2018-07-05 15:17:59,776 - ResourceManager : found /serviceImpl.java.vm with loader org.apache.velocity.runtime.resource.loader.ClasspathResourceLoader
2018-07-05 15:17:59,801 - ResourceManager : found /controller.java.vm with loader org.apache.velocity.runtime.resource.loader.ClasspathResourceLoader
2018-07-05 15:17:59,827 - ResourceManager : found /templates/mapper.xml.vm with loader org.apache.velocity.runtime.resource.loader.ClasspathResourceLoader
2018-07-05 15:18:12,243 - Log4JLogChute initialized using file 'velocity.log'
2018-07-05 15:18:12,243 - Initializing Velocity, Calling init()...
2018-07-05 15:18:12,243 - Starting Apache Velocity v1.7 (compiled: 2010-11-19 12:14:37)
2018-07-05 15:18:12,243 - Default Properties File: org\apache\velocity\runtime\defaults\velocity.properties
2018-07-05 15:18:12,243 - Trying to use logger class org.apache.velocity.runtime.log.AvalonLogChute
2018-07-05 15:18:12,243 - Target log system for org.apache.velocity.runtime.log.AvalonLogChute is not available (java.lang.NoClassDefFoundError: org/apache/log/format/Formatter).  Falling back to next log system...
2018-07-05 15:18:12,243 - Trying to use logger class org.apache.velocity.runtime.log.Log4JLogChute
2018-07-05 15:18:12,243 - Using logger class org.apache.velocity.runtime.log.Log4JLogChute
2018-07-05 15:18:12,254 - ResourceLoader instantiated: org.apache.velocity.runtime.resource.loader.ClasspathResourceLoader
2018-07-05 15:18:12,276 - ResourceCache: initialized (class org.apache.velocity.runtime.resource.ResourceCacheImpl) with class java.util.Collections$SynchronizedMap cache map.
2018-07-05 15:18:12,280 - Loaded System Directive: org.apache.velocity.runtime.directive.Stop
2018-07-05 15:18:12,282 - Loaded System Directive: org.apache.velocity.runtime.directive.Define
2018-07-05 15:18:12,283 - Loaded System Directive: org.apache.velocity.runtime.directive.Break
2018-07-05 15:18:12,284 - Loaded System Directive: org.apache.velocity.runtime.directive.Evaluate
2018-07-05 15:18:12,285 - Loaded System Directive: org.apache.velocity.runtime.directive.Literal
2018-07-05 15:18:12,288 - Loaded System Directive: org.apache.velocity.runtime.directive.Macro
2018-07-05 15:18:12,290 - Loaded System Directive: org.apache.velocity.runtime.directive.Parse
2018-07-05 15:18:12,291 - Loaded System Directive: org.apache.velocity.runtime.directive.Include
2018-07-05 15:18:12,292 - Loaded System Directive: org.apache.velocity.runtime.directive.Foreach
2018-07-05 15:18:12,339 - Created '20' parsers.
2018-07-05 15:18:12,355 - Velocimacro : "velocimacro.library" is not set.  Trying default library: VM_global_library.vm
2018-07-05 15:18:12,356 - Could not load resource 'VM_global_library.vm' from ResourceLoader org.apache.velocity.runtime.resource.loader.ClasspathResourceLoader: ClasspathResourceLoader Error: cannot find resource VM_global_library.vm
2018-07-05 15:18:12,356 - Velocimacro : Default library not found.
2018-07-05 15:18:12,356 - Velocimacro : allowInline = true : VMs can be defined inline in templates
2018-07-05 15:18:12,356 - Velocimacro : allowInlineToOverride = false : VMs defined inline may NOT replace previous VM definitions
2018-07-05 15:18:12,356 - Velocimacro : allowInlineLocal = false : VMs defined inline will be global in scope if allowed.
2018-07-05 15:18:12,356 - Velocimacro : autoload off : VM system will not automatically reload global library macros
2018-07-05 15:18:12,412 - ResourceManager : found /templates/entity.java.vm with loader org.apache.velocity.runtime.resource.loader.ClasspathResourceLoader
2018-07-05 15:18:12,432 - Left side (${versionFieldName}) of '==' operation has null value. If it is a reference, it may not be in the context or its toString() returned null. /templates/entity.java.vm[line 72, column 26]
2018-07-05 15:18:12,432 - Left side (${logicDeleteFieldName}) of '==' operation has null value. If it is a reference, it may not be in the context or its toString() returned null. /templates/entity.java.vm[line 76, column 30]
2018-07-05 15:18:12,432 - Left side (${versionFieldName}) of '==' operation has null value. If it is a reference, it may not be in the context or its toString() returned null. /templates/entity.java.vm[line 72, column 26]
2018-07-05 15:18:12,432 - Left side (${logicDeleteFieldName}) of '==' operation has null value. If it is a reference, it may not be in the context or its toString() returned null. /templates/entity.java.vm[line 76, column 30]
2018-07-05 15:18:12,432 - Left side (${versionFieldName}) of '==' operation has null value. If it is a reference, it may not be in the context or its toString() returned null. /templates/entity.java.vm[line 72, column 26]
2018-07-05 15:18:12,432 - Left side (${logicDeleteFieldName}) of '==' operation has null value. If it is a reference, it may not be in the context or its toString() returned null. /templates/entity.java.vm[line 76, column 30]
2018-07-05 15:18:12,432 - Left side (${versionFieldName}) of '==' operation has null value. If it is a reference, it may not be in the context or its toString() returned null. /templates/entity.java.vm[line 72, column 26]
2018-07-05 15:18:12,432 - Left side (${logicDeleteFieldName}) of '==' operation has null value. If it is a reference, it may not be in the context or its toString() returned null. /templates/entity.java.vm[line 76, column 30]
2018-07-05 15:18:12,432 - Left side (${versionFieldName}) of '==' operation has null value. If it is a reference, it may not be in the context or its toString() returned null. /templates/entity.java.vm[line 72, column 26]
2018-07-05 15:18:12,432 - Left side (${logicDeleteFieldName}) of '==' operation has null value. If it is a reference, it may not be in the context or its toString() returned null. /templates/entity.java.vm[line 76, column 30]
2018-07-05 15:18:12,433 - Left side (${versionFieldName}) of '==' operation has null value. If it is a reference, it may not be in the context or its toString() returned null. /templates/entity.java.vm[line 72, column 26]
2018-07-05 15:18:12,433 - Left side (${logicDeleteFieldName}) of '==' operation has null value. If it is a reference, it may not be in the context or its toString() returned null. /templates/entity.java.vm[line 76, column 30]
2018-07-05 15:18:12,433 - Left side (${versionFieldName}) of '==' operation has null value. If it is a reference, it may not be in the context or its toString() returned null. /templates/entity.java.vm[line 72, column 26]
2018-07-05 15:18:12,434 - Left side (${logicDeleteFieldName}) of '==' operation has null value. If it is a reference, it may not be in the context or its toString() returned null. /templates/entity.java.vm[line 76, column 30]
2018-07-05 15:18:12,435 - Left side (${versionFieldName}) of '==' operation has null value. If it is a reference, it may not be in the context or its toString() returned null. /templates/entity.java.vm[line 72, column 26]
2018-07-05 15:18:12,435 - Left side (${logicDeleteFieldName}) of '==' operation has null value. If it is a reference, it may not be in the context or its toString() returned null. /templates/entity.java.vm[line 76, column 30]
2018-07-05 15:18:12,436 - Left side (${versionFieldName}) of '==' operation has null value. If it is a reference, it may not be in the context or its toString() returned null. /templates/entity.java.vm[line 72, column 26]
2018-07-05 15:18:12,436 - Left side (${logicDeleteFieldName}) of '==' operation has null value. If it is a reference, it may not be in the context or its toString() returned null. /templates/entity.java.vm[line 76, column 30]
2018-07-05 15:18:12,436 - Left side (${versionFieldName}) of '==' operation has null value. If it is a reference, it may not be in the context or its toString() returned null. /templates/entity.java.vm[line 72, column 26]
2018-07-05 15:18:12,436 - Left side (${logicDeleteFieldName}) of '==' operation has null value. If it is a reference, it may not be in the context or its toString() returned null. /templates/entity.java.vm[line 76, column 30]
2018-07-05 15:18:12,436 - Left side (${versionFieldName}) of '==' operation has null value. If it is a reference, it may not be in the context or its toString() returned null. /templates/entity.java.vm[line 72, column 26]
2018-07-05 15:18:12,436 - Left side (${logicDeleteFieldName}) of '==' operation has null value. If it is a reference, it may not be in the context or its toString() returned null. /templates/entity.java.vm[line 76, column 30]
2018-07-05 15:18:12,437 - Left side (${versionFieldName}) of '==' operation has null value. If it is a reference, it may not be in the context or its toString() returned null. /templates/entity.java.vm[line 72, column 26]
2018-07-05 15:18:12,437 - Left side (${logicDeleteFieldName}) of '==' operation has null value. If it is a reference, it may not be in the context or its toString() returned null. /templates/entity.java.vm[line 76, column 30]
2018-07-05 15:18:12,437 - Left side (${versionFieldName}) of '==' operation has null value. If it is a reference, it may not be in the context or its toString() returned null. /templates/entity.java.vm[line 72, column 26]
2018-07-05 15:18:12,437 - Left side (${logicDeleteFieldName}) of '==' operation has null value. If it is a reference, it may not be in the context or its toString() returned null. /templates/entity.java.vm[line 76, column 30]
2018-07-05 15:18:12,456 - ResourceManager : found /templates/mapper.java.vm with loader org.apache.velocity.runtime.resource.loader.ClasspathResourceLoader
2018-07-05 15:18:12,459 - ResourceManager : found /templates/service.java.vm with loader org.apache.velocity.runtime.resource.loader.ClasspathResourceLoader
2018-07-05 15:18:12,462 - ResourceManager : found /serviceImpl.java.vm with loader org.apache.velocity.runtime.resource.loader.ClasspathResourceLoader
2018-07-05 15:18:12,483 - ResourceManager : found /controller.java.vm with loader org.apache.velocity.runtime.resource.loader.ClasspathResourceLoader
2018-07-05 15:18:12,505 - ResourceManager : found /templates/mapper.xml.vm with loader org.apache.velocity.runtime.resource.loader.ClasspathResourceLoader
2018-07-05 15:18:28,711 - Log4JLogChute initialized using file 'velocity.log'
2018-07-05 15:18:28,711 - Initializing Velocity, Calling init()...
2018-07-05 15:18:28,711 - Starting Apache Velocity v1.7 (compiled: 2010-11-19 12:14:37)
2018-07-05 15:18:28,711 - Default Properties File: org\apache\velocity\runtime\defaults\velocity.properties
2018-07-05 15:18:28,711 - Trying to use logger class org.apache.velocity.runtime.log.AvalonLogChute
2018-07-05 15:18:28,711 - Target log system for org.apache.velocity.runtime.log.AvalonLogChute is not available (java.lang.NoClassDefFoundError: org/apache/log/format/Formatter).  Falling back to next log system...
2018-07-05 15:18:28,711 - Trying to use logger class org.apache.velocity.runtime.log.Log4JLogChute
2018-07-05 15:18:28,711 - Using logger class org.apache.velocity.runtime.log.Log4JLogChute
2018-07-05 15:18:28,726 - ResourceLoader instantiated: org.apache.velocity.runtime.resource.loader.ClasspathResourceLoader
2018-07-05 15:18:28,758 - ResourceCache: initialized (class org.apache.velocity.runtime.resource.ResourceCacheImpl) with class java.util.Collections$SynchronizedMap cache map.
2018-07-05 15:18:28,762 - Loaded System Directive: org.apache.velocity.runtime.directive.Stop
2018-07-05 15:18:28,790 - Loaded System Directive: org.apache.velocity.runtime.directive.Define
2018-07-05 15:18:28,791 - Loaded System Directive: org.apache.velocity.runtime.directive.Break
2018-07-05 15:18:28,794 - Loaded System Directive: org.apache.velocity.runtime.directive.Evaluate
2018-07-05 15:18:28,797 - Loaded System Directive: org.apache.velocity.runtime.directive.Literal
2018-07-05 15:18:28,803 - Loaded System Directive: org.apache.velocity.runtime.directive.Macro
2018-07-05 15:18:28,806 - Loaded System Directive: org.apache.velocity.runtime.directive.Parse
2018-07-05 15:18:28,809 - Loaded System Directive: org.apache.velocity.runtime.directive.Include
2018-07-05 15:18:28,811 - Loaded System Directive: org.apache.velocity.runtime.directive.Foreach
2018-07-05 15:18:28,924 - Created '20' parsers.
2018-07-05 15:18:28,944 - Velocimacro : "velocimacro.library" is not set.  Trying default library: VM_global_library.vm
2018-07-05 15:18:28,947 - Could not load resource 'VM_global_library.vm' from ResourceLoader org.apache.velocity.runtime.resource.loader.ClasspathResourceLoader: ClasspathResourceLoader Error: cannot find resource VM_global_library.vm
2018-07-05 15:18:28,947 - Velocimacro : Default library not found.
2018-07-05 15:18:28,947 - Velocimacro : allowInline = true : VMs can be defined inline in templates
2018-07-05 15:18:28,947 - Velocimacro : allowInlineToOverride = false : VMs defined inline may NOT replace previous VM definitions
2018-07-05 15:18:28,947 - Velocimacro : allowInlineLocal = false : VMs defined inline will be global in scope if allowed.
2018-07-05 15:18:28,947 - Velocimacro : autoload off : VM system will not automatically reload global library macros
2018-07-05 15:18:29,014 - ResourceManager : found /templates/entity.java.vm with loader org.apache.velocity.runtime.resource.loader.ClasspathResourceLoader
2018-07-05 15:18:29,046 - Left side (${versionFieldName}) of '==' operation has null value. If it is a reference, it may not be in the context or its toString() returned null. /templates/entity.java.vm[line 72, column 26]
2018-07-05 15:18:29,047 - Left side (${logicDeleteFieldName}) of '==' operation has null value. If it is a reference, it may not be in the context or its toString() returned null. /templates/entity.java.vm[line 76, column 30]
2018-07-05 15:18:29,047 - Left side (${versionFieldName}) of '==' operation has null value. If it is a reference, it may not be in the context or its toString() returned null. /templates/entity.java.vm[line 72, column 26]
2018-07-05 15:18:29,047 - Left side (${logicDeleteFieldName}) of '==' operation has null value. If it is a reference, it may not be in the context or its toString() returned null. /templates/entity.java.vm[line 76, column 30]
2018-07-05 15:18:29,047 - Left side (${versionFieldName}) of '==' operation has null value. If it is a reference, it may not be in the context or its toString() returned null. /templates/entity.java.vm[line 72, column 26]
2018-07-05 15:18:29,047 - Left side (${logicDeleteFieldName}) of '==' operation has null value. If it is a reference, it may not be in the context or its toString() returned null. /templates/entity.java.vm[line 76, column 30]
2018-07-05 15:18:29,048 - Left side (${versionFieldName}) of '==' operation has null value. If it is a reference, it may not be in the context or its toString() returned null. /templates/entity.java.vm[line 72, column 26]
2018-07-05 15:18:29,048 - Left side (${logicDeleteFieldName}) of '==' operation has null value. If it is a reference, it may not be in the context or its toString() returned null. /templates/entity.java.vm[line 76, column 30]
2018-07-05 15:18:29,048 - Left side (${versionFieldName}) of '==' operation has null value. If it is a reference, it may not be in the context or its toString() returned null. /templates/entity.java.vm[line 72, column 26]
2018-07-05 15:18:29,048 - Left side (${logicDeleteFieldName}) of '==' operation has null value. If it is a reference, it may not be in the context or its toString() returned null. /templates/entity.java.vm[line 76, column 30]
2018-07-05 15:18:29,048 - Left side (${versionFieldName}) of '==' operation has null value. If it is a reference, it may not be in the context or its toString() returned null. /templates/entity.java.vm[line 72, column 26]
2018-07-05 15:18:29,048 - Left side (${logicDeleteFieldName}) of '==' operation has null value. If it is a reference, it may not be in the context or its toString() returned null. /templates/entity.java.vm[line 76, column 30]
2018-07-05 15:18:29,049 - Left side (${versionFieldName}) of '==' operation has null value. If it is a reference, it may not be in the context or its toString() returned null. /templates/entity.java.vm[line 72, column 26]
2018-07-05 15:18:29,050 - Left side (${logicDeleteFieldName}) of '==' operation has null value. If it is a reference, it may not be in the context or its toString() returned null. /templates/entity.java.vm[line 76, column 30]
2018-07-05 15:18:29,052 - Left side (${versionFieldName}) of '==' operation has null value. If it is a reference, it may not be in the context or its toString() returned null. /templates/entity.java.vm[line 72, column 26]
2018-07-05 15:18:29,052 - Left side (${logicDeleteFieldName}) of '==' operation has null value. If it is a reference, it may not be in the context or its toString() returned null. /templates/entity.java.vm[line 76, column 30]
2018-07-05 15:18:29,055 - Left side (${versionFieldName}) of '==' operation has null value. If it is a reference, it may not be in the context or its toString() returned null. /templates/entity.java.vm[line 72, column 26]
2018-07-05 15:18:29,055 - Left side (${logicDeleteFieldName}) of '==' operation has null value. If it is a reference, it may not be in the context or its toString() returned null. /templates/entity.java.vm[line 76, column 30]
2018-07-05 15:18:29,056 - Left side (${versionFieldName}) of '==' operation has null value. If it is a reference, it may not be in the context or its toString() returned null. /templates/entity.java.vm[line 72, column 26]
2018-07-05 15:18:29,057 - Left side (${logicDeleteFieldName}) of '==' operation has null value. If it is a reference, it may not be in the context or its toString() returned null. /templates/entity.java.vm[line 76, column 30]
2018-07-05 15:18:29,058 - Left side (${versionFieldName}) of '==' operation has null value. If it is a reference, it may not be in the context or its toString() returned null. /templates/entity.java.vm[line 72, column 26]
2018-07-05 15:18:29,059 - Left side (${logicDeleteFieldName}) of '==' operation has null value. If it is a reference, it may not be in the context or its toString() returned null. /templates/entity.java.vm[line 76, column 30]
2018-07-05 15:18:29,083 - ResourceManager : found /templates/mapper.java.vm with loader org.apache.velocity.runtime.resource.loader.ClasspathResourceLoader
2018-07-05 15:18:29,088 - ResourceManager : found /templates/service.java.vm with loader org.apache.velocity.runtime.resource.loader.ClasspathResourceLoader
2018-07-05 15:18:29,094 - ResourceManager : found /serviceImpl.java.vm with loader org.apache.velocity.runtime.resource.loader.ClasspathResourceLoader
2018-07-05 15:18:29,120 - ResourceManager : found /controller.java.vm with loader org.apache.velocity.runtime.resource.loader.ClasspathResourceLoader
2018-07-05 15:18:29,143 - ResourceManager : found /templates/mapper.xml.vm with loader org.apache.velocity.runtime.resource.loader.ClasspathResourceLoader
2018-07-05 15:19:09,589 - Log4JLogChute initialized using file 'velocity.log'
2018-07-05 15:19:09,590 - Initializing Velocity, Calling init()...
2018-07-05 15:19:09,591 - Starting Apache Velocity v1.7 (compiled: 2010-11-19 12:14:37)
2018-07-05 15:19:09,591 - Default Properties File: org\apache\velocity\runtime\defaults\velocity.properties
2018-07-05 15:19:09,591 - Trying to use logger class org.apache.velocity.runtime.log.AvalonLogChute
2018-07-05 15:19:09,591 - Target log system for org.apache.velocity.runtime.log.AvalonLogChute is not available (java.lang.NoClassDefFoundError: org/apache/log/format/Formatter).  Falling back to next log system...
2018-07-05 15:19:09,591 - Trying to use logger class org.apache.velocity.runtime.log.Log4JLogChute
2018-07-05 15:19:09,591 - Using logger class org.apache.velocity.runtime.log.Log4JLogChute
2018-07-05 15:19:09,599 - ResourceLoader instantiated: org.apache.velocity.runtime.resource.loader.ClasspathResourceLoader
2018-07-05 15:19:09,647 - ResourceCache: initialized (class org.apache.velocity.runtime.resource.ResourceCacheImpl) with class java.util.Collections$SynchronizedMap cache map.
2018-07-05 15:19:09,650 - Loaded System Directive: org.apache.velocity.runtime.directive.Stop
2018-07-05 15:19:09,652 - Loaded System Directive: org.apache.velocity.runtime.directive.Define
2018-07-05 15:19:09,653 - Loaded System Directive: org.apache.velocity.runtime.directive.Break
2018-07-05 15:19:09,654 - Loaded System Directive: org.apache.velocity.runtime.directive.Evaluate
2018-07-05 15:19:09,655 - Loaded System Directive: org.apache.velocity.runtime.directive.Literal
2018-07-05 15:19:09,658 - Loaded System Directive: org.apache.velocity.runtime.directive.Macro
2018-07-05 15:19:09,663 - Loaded System Directive: org.apache.velocity.runtime.directive.Parse
2018-07-05 15:19:09,667 - Loaded System Directive: org.apache.velocity.runtime.directive.Include
2018-07-05 15:19:09,669 - Loaded System Directive: org.apache.velocity.runtime.directive.Foreach
2018-07-05 15:19:09,718 - Created '20' parsers.
2018-07-05 15:19:09,728 - Velocimacro : "velocimacro.library" is not set.  Trying default library: VM_global_library.vm
2018-07-05 15:19:09,732 - Could not load resource 'VM_global_library.vm' from ResourceLoader org.apache.velocity.runtime.resource.loader.ClasspathResourceLoader: ClasspathResourceLoader Error: cannot find resource VM_global_library.vm
2018-07-05 15:19:09,732 - Velocimacro : Default library not found.
2018-07-05 15:19:09,733 - Velocimacro : allowInline = true : VMs can be defined inline in templates
2018-07-05 15:19:09,733 - Velocimacro : allowInlineToOverride = false : VMs defined inline may NOT replace previous VM definitions
2018-07-05 15:19:09,733 - Velocimacro : allowInlineLocal = false : VMs defined inline will be global in scope if allowed.
2018-07-05 15:19:09,734 - Velocimacro : autoload off : VM system will not automatically reload global library macros
2018-07-05 15:19:09,797 - ResourceManager : found /templates/entity.java.vm with loader org.apache.velocity.runtime.resource.loader.ClasspathResourceLoader
2018-07-05 15:19:09,820 - Left side (${versionFieldName}) of '==' operation has null value. If it is a reference, it may not be in the context or its toString() returned null. /templates/entity.java.vm[line 72, column 26]
2018-07-05 15:19:09,821 - Left side (${logicDeleteFieldName}) of '==' operation has null value. If it is a reference, it may not be in the context or its toString() returned null. /templates/entity.java.vm[line 76, column 30]
2018-07-05 15:19:09,821 - Left side (${versionFieldName}) of '==' operation has null value. If it is a reference, it may not be in the context or its toString() returned null. /templates/entity.java.vm[line 72, column 26]
2018-07-05 15:19:09,821 - Left side (${logicDeleteFieldName}) of '==' operation has null value. If it is a reference, it may not be in the context or its toString() returned null. /templates/entity.java.vm[line 76, column 30]
2018-07-05 15:19:09,821 - Left side (${versionFieldName}) of '==' operation has null value. If it is a reference, it may not be in the context or its toString() returned null. /templates/entity.java.vm[line 72, column 26]
2018-07-05 15:19:09,821 - Left side (${logicDeleteFieldName}) of '==' operation has null value. If it is a reference, it may not be in the context or its toString() returned null. /templates/entity.java.vm[line 76, column 30]
2018-07-05 15:19:09,821 - Left side (${versionFieldName}) of '==' operation has null value. If it is a reference, it may not be in the context or its toString() returned null. /templates/entity.java.vm[line 72, column 26]
2018-07-05 15:19:09,822 - Left side (${logicDeleteFieldName}) of '==' operation has null value. If it is a reference, it may not be in the context or its toString() returned null. /templates/entity.java.vm[line 76, column 30]
2018-07-05 15:19:09,822 - Left side (${versionFieldName}) of '==' operation has null value. If it is a reference, it may not be in the context or its toString() returned null. /templates/entity.java.vm[line 72, column 26]
2018-07-05 15:19:09,822 - Left side (${logicDeleteFieldName}) of '==' operation has null value. If it is a reference, it may not be in the context or its toString() returned null. /templates/entity.java.vm[line 76, column 30]
2018-07-05 15:19:09,840 - ResourceManager : found /templates/mapper.java.vm with loader org.apache.velocity.runtime.resource.loader.ClasspathResourceLoader
2018-07-05 15:19:09,847 - ResourceManager : found /templates/service.java.vm with loader org.apache.velocity.runtime.resource.loader.ClasspathResourceLoader
2018-07-05 15:19:09,851 - ResourceManager : found /serviceImpl.java.vm with loader org.apache.velocity.runtime.resource.loader.ClasspathResourceLoader
2018-07-05 15:19:09,874 - ResourceManager : found /controller.java.vm with loader org.apache.velocity.runtime.resource.loader.ClasspathResourceLoader
2018-07-05 15:19:09,905 - ResourceManager : found /templates/mapper.xml.vm with loader org.apache.velocity.runtime.resource.loader.ClasspathResourceLoader
